0 info it worked if it ends with ok
1 verbose cli [ '/usr/local/bin/node', '/usr/local/bin/npm', 'install' ]
2 info using npm@1.4.28
3 info using node@v0.10.32
4 warn package.json BeatingBlocks@0.0.1 No description
5 warn package.json BeatingBlocks@0.0.1 No repository field.
6 warn package.json BeatingBlocks@0.0.1 No README data
7 verbose readDependencies using package.json deps
8 verbose install where, deps [ '/home/neoklosch/android-studio-projects/BeatingBlocks/server',
8 verbose install   [ 'colors',
8 verbose install     'ejs',
8 verbose install     'express',
8 verbose install     'body-parser',
8 verbose install     'fs-extra',
8 verbose install     'socket.io' ] ]
9 info preinstall BeatingBlocks@0.0.1
10 warn package.json package.json@0.0.0 No repository field.
11 warn package.json package.json@0.0.0 No README data
12 verbose readDependencies using package.json deps
13 verbose cache add [ 'colors@*', null ]
14 verbose cache add name=undefined spec="colors@*" args=["colors@*",null]
15 verbose parsed url { protocol: null,
15 verbose parsed url   slashes: null,
15 verbose parsed url   auth: null,
15 verbose parsed url   host: null,
15 verbose parsed url   port: null,
15 verbose parsed url   hostname: null,
15 verbose parsed url   hash: null,
15 verbose parsed url   search: null,
15 verbose parsed url   query: null,
15 verbose parsed url   pathname: 'colors@*',
15 verbose parsed url   path: 'colors@*',
15 verbose parsed url   href: 'colors@*' }
16 verbose cache add [ 'ejs@^1.0.0', null ]
17 verbose cache add name=undefined spec="ejs@^1.0.0" args=["ejs@^1.0.0",null]
18 verbose parsed url { protocol: null,
18 verbose parsed url   slashes: null,
18 verbose parsed url   auth: null,
18 verbose parsed url   host: null,
18 verbose parsed url   port: null,
18 verbose parsed url   hostname: null,
18 verbose parsed url   hash: null,
18 verbose parsed url   search: null,
18 verbose parsed url   query: null,
18 verbose parsed url   pathname: 'ejs@^1.0.0',
18 verbose parsed url   path: 'ejs@^1.0.0',
18 verbose parsed url   href: 'ejs@^1.0.0' }
19 verbose cache add [ 'express@^4.9.8', null ]
20 verbose cache add name=undefined spec="express@^4.9.8" args=["express@^4.9.8",null]
21 verbose parsed url { protocol: null,
21 verbose parsed url   slashes: null,
21 verbose parsed url   auth: null,
21 verbose parsed url   host: null,
21 verbose parsed url   port: null,
21 verbose parsed url   hostname: null,
21 verbose parsed url   hash: null,
21 verbose parsed url   search: null,
21 verbose parsed url   query: null,
21 verbose parsed url   pathname: 'express@^4.9.8',
21 verbose parsed url   path: 'express@^4.9.8',
21 verbose parsed url   href: 'express@^4.9.8' }
22 verbose cache add [ 'body-parser@*', null ]
23 verbose cache add name=undefined spec="body-parser@*" args=["body-parser@*",null]
24 verbose parsed url { protocol: null,
24 verbose parsed url   slashes: null,
24 verbose parsed url   auth: null,
24 verbose parsed url   host: null,
24 verbose parsed url   port: null,
24 verbose parsed url   hostname: null,
24 verbose parsed url   hash: null,
24 verbose parsed url   search: null,
24 verbose parsed url   query: null,
24 verbose parsed url   pathname: 'body-parser@*',
24 verbose parsed url   path: 'body-parser@*',
24 verbose parsed url   href: 'body-parser@*' }
25 verbose cache add name="colors" spec="*" args=["colors","*"]
26 verbose parsed url { protocol: null,
26 verbose parsed url   slashes: null,
26 verbose parsed url   auth: null,
26 verbose parsed url   host: null,
26 verbose parsed url   port: null,
26 verbose parsed url   hostname: null,
26 verbose parsed url   hash: null,
26 verbose parsed url   search: null,
26 verbose parsed url   query: null,
26 verbose parsed url   pathname: '*',
26 verbose parsed url   path: '*',
26 verbose parsed url   href: '*' }
27 verbose addNamed [ 'colors', '*' ]
28 verbose addNamed [ null, '*' ]
29 verbose cache add name="ejs" spec="^1.0.0" args=["ejs","^1.0.0"]
30 verbose parsed url { protocol: null,
30 verbose parsed url   slashes: null,
30 verbose parsed url   auth: null,
30 verbose parsed url   host: null,
30 verbose parsed url   port: null,
30 verbose parsed url   hostname: null,
30 verbose parsed url   hash: null,
30 verbose parsed url   search: null,
30 verbose parsed url   query: null,
30 verbose parsed url   pathname: '^1.0.0',
30 verbose parsed url   path: '^1.0.0',
30 verbose parsed url   href: '^1.0.0' }
31 verbose addNamed [ 'ejs', '^1.0.0' ]
32 verbose addNamed [ null, '>=1.0.0-0 <2.0.0-0' ]
33 verbose cache add name="express" spec="^4.9.8" args=["express","^4.9.8"]
34 verbose parsed url { protocol: null,
34 verbose parsed url   slashes: null,
34 verbose parsed url   auth: null,
34 verbose parsed url   host: null,
34 verbose parsed url   port: null,
34 verbose parsed url   hostname: null,
34 verbose parsed url   hash: null,
34 verbose parsed url   search: null,
34 verbose parsed url   query: null,
34 verbose parsed url   pathname: '^4.9.8',
34 verbose parsed url   path: '^4.9.8',
34 verbose parsed url   href: '^4.9.8' }
35 verbose addNamed [ 'express', '^4.9.8' ]
36 verbose addNamed [ null, '>=4.9.8-0 <5.0.0-0' ]
37 verbose cache add [ 'fs-extra@*', null ]
38 verbose cache add name=undefined spec="fs-extra@*" args=["fs-extra@*",null]
39 verbose parsed url { protocol: null,
39 verbose parsed url   slashes: null,
39 verbose parsed url   auth: null,
39 verbose parsed url   host: null,
39 verbose parsed url   port: null,
39 verbose parsed url   hostname: null,
39 verbose parsed url   hash: null,
39 verbose parsed url   search: null,
39 verbose parsed url   query: null,
39 verbose parsed url   pathname: 'fs-extra@*',
39 verbose parsed url   path: 'fs-extra@*',
39 verbose parsed url   href: 'fs-extra@*' }
40 verbose cache add name="body-parser" spec="*" args=["body-parser","*"]
41 verbose parsed url { protocol: null,
41 verbose parsed url   slashes: null,
41 verbose parsed url   auth: null,
41 verbose parsed url   host: null,
41 verbose parsed url   port: null,
41 verbose parsed url   hostname: null,
41 verbose parsed url   hash: null,
41 verbose parsed url   search: null,
41 verbose parsed url   query: null,
41 verbose parsed url   pathname: '*',
41 verbose parsed url   path: '*',
41 verbose parsed url   href: '*' }
42 verbose addNamed [ 'body-parser', '*' ]
43 verbose addNamed [ null, '*' ]
44 silly lockFile 9ee7deec-colors colors@*
45 verbose lock colors@* /home/neoklosch/.npm/9ee7deec-colors.lock
46 silly lockFile b798bccb-ejs-1-0-0 ejs@^1.0.0
47 verbose lock ejs@^1.0.0 /home/neoklosch/.npm/b798bccb-ejs-1-0-0.lock
48 silly lockFile 3a17db05-express-4-9-8 express@^4.9.8
49 verbose lock express@^4.9.8 /home/neoklosch/.npm/3a17db05-express-4-9-8.lock
50 silly lockFile 12b67fc9-body-parser body-parser@*
51 verbose lock body-parser@* /home/neoklosch/.npm/12b67fc9-body-parser.lock
52 verbose cache add [ 'socket.io@^1.1.0', null ]
53 verbose cache add name=undefined spec="socket.io@^1.1.0" args=["socket.io@^1.1.0",null]
54 verbose parsed url { protocol: null,
54 verbose parsed url   slashes: null,
54 verbose parsed url   auth: null,
54 verbose parsed url   host: null,
54 verbose parsed url   port: null,
54 verbose parsed url   hostname: null,
54 verbose parsed url   hash: null,
54 verbose parsed url   search: null,
54 verbose parsed url   query: null,
54 verbose parsed url   pathname: 'socket.io@^1.1.0',
54 verbose parsed url   path: 'socket.io@^1.1.0',
54 verbose parsed url   href: 'socket.io@^1.1.0' }
55 verbose cache add name="fs-extra" spec="*" args=["fs-extra","*"]
56 verbose parsed url { protocol: null,
56 verbose parsed url   slashes: null,
56 verbose parsed url   auth: null,
56 verbose parsed url   host: null,
56 verbose parsed url   port: null,
56 verbose parsed url   hostname: null,
56 verbose parsed url   hash: null,
56 verbose parsed url   search: null,
56 verbose parsed url   query: null,
56 verbose parsed url   pathname: '*',
56 verbose parsed url   path: '*',
56 verbose parsed url   href: '*' }
57 verbose addNamed [ 'fs-extra', '*' ]
58 verbose addNamed [ null, '*' ]
59 silly lockFile 0921a310-fs-extra fs-extra@*
60 verbose lock fs-extra@* /home/neoklosch/.npm/0921a310-fs-extra.lock
61 verbose cache add name="socket.io" spec="^1.1.0" args=["socket.io","^1.1.0"]
62 verbose parsed url { protocol: null,
62 verbose parsed url   slashes: null,
62 verbose parsed url   auth: null,
62 verbose parsed url   host: null,
62 verbose parsed url   port: null,
62 verbose parsed url   hostname: null,
62 verbose parsed url   hash: null,
62 verbose parsed url   search: null,
62 verbose parsed url   query: null,
62 verbose parsed url   pathname: '^1.1.0',
62 verbose parsed url   path: '^1.1.0',
62 verbose parsed url   href: '^1.1.0' }
63 verbose addNamed [ 'socket.io', '^1.1.0' ]
64 verbose addNamed [ null, '>=1.1.0-0 <2.0.0-0' ]
65 silly lockFile 3f384752-socket-io-1-1-0 socket.io@^1.1.0
66 verbose lock socket.io@^1.1.0 /home/neoklosch/.npm/3f384752-socket-io-1-1-0.lock
67 silly addNameRange { name: 'colors', range: '*', hasData: false }
68 silly addNameRange { name: 'express', range: '>=4.9.8-0 <5.0.0-0', hasData: false }
69 silly addNameRange { name: 'body-parser', range: '*', hasData: false }
70 silly addNameRange { name: 'ejs', range: '>=1.0.0-0 <2.0.0-0', hasData: false }
71 silly addNameRange { name: 'fs-extra', range: '*', hasData: false }
72 silly addNameRange { name: 'socket.io',
72 silly addNameRange   range: '>=1.1.0-0 <2.0.0-0',
72 silly addNameRange   hasData: false }
73 verbose request where is /colors
74 verbose request registry https://registry.npmjs.org/
75 verbose request id 6edb3b45d6edf3d9
76 verbose url raw /colors
77 verbose url resolving [ 'https://registry.npmjs.org/', './colors' ]
78 verbose url resolved https://registry.npmjs.org/colors
79 verbose request where is https://registry.npmjs.org/colors
80 info trying registry request attempt 1 at 14:08:20
81 verbose etag "BQZM2GU1WJNC0MGQZLFYOMCO"
82 http GET https://registry.npmjs.org/colors
83 verbose request where is /body-parser
84 verbose request registry https://registry.npmjs.org/
85 verbose url raw /body-parser
86 verbose url resolving [ 'https://registry.npmjs.org/', './body-parser' ]
87 verbose url resolved https://registry.npmjs.org/body-parser
88 verbose request where is https://registry.npmjs.org/body-parser
89 info trying registry request attempt 1 at 14:08:20
90 verbose etag "2Z3MRRW3UTD2PGDGVXU6ZKF4D"
91 http GET https://registry.npmjs.org/body-parser
92 verbose request where is /express
93 verbose request registry https://registry.npmjs.org/
94 verbose url raw /express
95 verbose url resolving [ 'https://registry.npmjs.org/', './express' ]
96 verbose url resolved https://registry.npmjs.org/express
97 verbose request where is https://registry.npmjs.org/express
98 info trying registry request attempt 1 at 14:08:20
99 verbose etag "3XJ9HQR8B57CLQRJ0HTJ1GH5I"
100 http GET https://registry.npmjs.org/express
101 verbose request where is /socket.io
102 verbose request registry https://registry.npmjs.org/
103 verbose url raw /socket.io
104 verbose url resolving [ 'https://registry.npmjs.org/', './socket.io' ]
105 verbose url resolved https://registry.npmjs.org/socket.io
106 verbose request where is https://registry.npmjs.org/socket.io
107 info trying registry request attempt 1 at 14:08:20
108 verbose etag "4DWHD00J2Q5ZD01NB01DHICSR"
109 http GET https://registry.npmjs.org/socket.io
110 verbose request where is /fs-extra
111 verbose request registry https://registry.npmjs.org/
112 verbose url raw /fs-extra
113 verbose url resolving [ 'https://registry.npmjs.org/', './fs-extra' ]
114 verbose url resolved https://registry.npmjs.org/fs-extra
115 verbose request where is https://registry.npmjs.org/fs-extra
116 info trying registry request attempt 1 at 14:08:20
117 verbose etag "30H0WQ0GUUEEC5LSGQT1PTOP"
118 http GET https://registry.npmjs.org/fs-extra
119 verbose request where is /ejs
120 verbose request registry https://registry.npmjs.org/
121 verbose url raw /ejs
122 verbose url resolving [ 'https://registry.npmjs.org/', './ejs' ]
123 verbose url resolved https://registry.npmjs.org/ejs
124 verbose request where is https://registry.npmjs.org/ejs
125 info trying registry request attempt 1 at 14:08:20
126 verbose etag "15TJWYSPTT04PG8RFMKMQ8233"
127 http GET https://registry.npmjs.org/ejs
128 http 200 https://registry.npmjs.org/colors
129 silly registry.get cb [ 200,
129 silly registry.get   { date: 'Sun, 23 Nov 2014 13:08:20 GMT',
129 silly registry.get     server: 'CouchDB/1.5.0 (Erlang OTP/R16B03)',
129 silly registry.get     etag: '"441SFET328JZEOJ1G35MS8DD5"',
129 silly registry.get     'content-type': 'application/json',
129 silly registry.get     'cache-control': 'max-age=60',
129 silly registry.get     'content-length': '15429',
129 silly registry.get     'accept-ranges': 'bytes',
129 silly registry.get     via: '1.1 varnish',
129 silly registry.get     age: '20',
129 silly registry.get     'x-served-by': 'cache-fra1225-FRA',
129 silly registry.get     'x-cache': 'HIT',
129 silly registry.get     'x-cache-hits': '1',
129 silly registry.get     'x-timer': 'S1416748100.253630,VS0,VE0',
129 silly registry.get     vary: 'Accept',
129 silly registry.get     'keep-alive': 'timeout=10, max=50',
129 silly registry.get     connection: 'Keep-Alive' } ]
130 silly addNameRange number 2 { name: 'colors', range: '*', hasData: true }
131 silly addNameRange versions [ 'colors',
131 silly addNameRange   [ '0.3.0',
131 silly addNameRange     '0.5.0',
131 silly addNameRange     '0.5.1',
131 silly addNameRange     '0.6.0',
131 silly addNameRange     '0.6.0-1',
131 silly addNameRange     '0.6.1',
131 silly addNameRange     '0.6.2',
131 silly addNameRange     '1.0.0',
131 silly addNameRange     '1.0.1',
131 silly addNameRange     '1.0.2',
131 silly addNameRange     '1.0.3' ] ]
132 verbose addNamed [ 'colors', '1.0.3' ]
133 verbose addNamed [ '1.0.3', '1.0.3' ]
134 silly lockFile 2ed681a9-colors-1-0-3 colors@1.0.3
135 verbose lock colors@1.0.3 /home/neoklosch/.npm/2ed681a9-colors-1-0-3.lock
136 silly lockFile 2ed681a9-colors-1-0-3 colors@1.0.3
137 silly lockFile 2ed681a9-colors-1-0-3 colors@1.0.3
138 silly lockFile 9ee7deec-colors colors@*
139 silly lockFile 9ee7deec-colors colors@*
140 http 200 https://registry.npmjs.org/fs-extra
141 silly registry.get cb [ 200,
141 silly registry.get   { date: 'Sun, 23 Nov 2014 13:08:20 GMT',
141 silly registry.get     server: 'CouchDB/1.5.0 (Erlang OTP/R16B03)',
141 silly registry.get     etag: '"EGJ9NFBOEWJMOVY9JDC3EJTB9"',
141 silly registry.get     'content-type': 'application/json',
141 silly registry.get     'cache-control': 'max-age=60',
141 silly registry.get     'content-length': '50186',
141 silly registry.get     'accept-ranges': 'bytes',
141 silly registry.get     via: '1.1 varnish',
141 silly registry.get     age: '9',
141 silly registry.get     'x-served-by': 'cache-fra1239-FRA',
141 silly registry.get     'x-cache': 'HIT',
141 silly registry.get     'x-cache-hits': '1',
141 silly registry.get     'x-timer': 'S1416748100.315719,VS0,VE0',
141 silly registry.get     vary: 'Accept',
141 silly registry.get     'keep-alive': 'timeout=10, max=50',
141 silly registry.get     connection: 'Keep-Alive' } ]
142 silly addNameRange number 2 { name: 'fs-extra', range: '*', hasData: true }
143 silly addNameRange versions [ 'fs-extra',
143 silly addNameRange   [ '0.0.1',
143 silly addNameRange     '0.0.11',
143 silly addNameRange     '0.0.3',
143 silly addNameRange     '0.0.4',
143 silly addNameRange     '0.1.0',
143 silly addNameRange     '0.1.1',
143 silly addNameRange     '0.1.2',
143 silly addNameRange     '0.1.3',
143 silly addNameRange     '0.2.0',
143 silly addNameRange     '0.2.1',
143 silly addNameRange     '0.3.0',
143 silly addNameRange     '0.3.1',
143 silly addNameRange     '0.3.2',
143 silly addNameRange     '0.4.0',
143 silly addNameRange     '0.5.0',
143 silly addNameRange     '0.6.0',
143 silly addNameRange     '0.6.1',
143 silly addNameRange     '0.6.2',
143 silly addNameRange     '0.6.3',
143 silly addNameRange     '0.6.4',
143 silly addNameRange     '0.7.0',
143 silly addNameRange     '0.7.1',
143 silly addNameRange     '0.8.0',
143 silly addNameRange     '0.8.1',
143 silly addNameRange     '0.9.0',
143 silly addNameRange     '0.9.1',
143 silly addNameRange     '0.10.0',
143 silly addNameRange     '0.11.0',
143 silly addNameRange     '0.11.1',
143 silly addNameRange     '0.12.0' ] ]
144 verbose addNamed [ 'fs-extra', '0.12.0' ]
145 verbose addNamed [ '0.12.0', '0.12.0' ]
146 silly lockFile c8267045-fs-extra-0-12-0 fs-extra@0.12.0
147 verbose lock fs-extra@0.12.0 /home/neoklosch/.npm/c8267045-fs-extra-0-12-0.lock
148 silly lockFile c8267045-fs-extra-0-12-0 fs-extra@0.12.0
149 silly lockFile c8267045-fs-extra-0-12-0 fs-extra@0.12.0
150 silly lockFile 0921a310-fs-extra fs-extra@*
151 silly lockFile 0921a310-fs-extra fs-extra@*
152 http 200 https://registry.npmjs.org/socket.io
153 silly registry.get cb [ 200,
153 silly registry.get   { date: 'Sun, 23 Nov 2014 13:08:20 GMT',
153 silly registry.get     server: 'CouchDB/1.5.0 (Erlang OTP/R16B03)',
153 silly registry.get     etag: '"7KULAM1WHTZX6V0NGGVTBXPLG"',
153 silly registry.get     'content-type': 'application/json',
153 silly registry.get     'cache-control': 'max-age=60',
153 silly registry.get     'content-length': '102813',
153 silly registry.get     'accept-ranges': 'bytes',
153 silly registry.get     via: '1.1 varnish',
153 silly registry.get     age: '9',
153 silly registry.get     'x-served-by': 'cache-fra1244-FRA',
153 silly registry.get     'x-cache': 'HIT',
153 silly registry.get     'x-cache-hits': '1',
153 silly registry.get     'x-timer': 'S1416748100.315389,VS0,VE1',
153 silly registry.get     vary: 'Accept',
153 silly registry.get     'keep-alive': 'timeout=10, max=50',
153 silly registry.get     connection: 'Keep-Alive' } ]
154 silly addNameRange number 2 { name: 'socket.io', range: '>=1.1.0-0 <2.0.0-0', hasData: true }
155 silly addNameRange versions [ 'socket.io',
155 silly addNameRange   [ '0.3.8',
155 silly addNameRange     '0.4.0',
155 silly addNameRange     '0.4.1',
155 silly addNameRange     '0.5.1',
155 silly addNameRange     '0.5.3',
155 silly addNameRange     '0.6.0',
155 silly addNameRange     '0.6.1',
155 silly addNameRange     '0.6.3',
155 silly addNameRange     '0.6.4',
155 silly addNameRange     '0.6.5',
155 silly addNameRange     '0.6.6',
155 silly addNameRange     '0.6.7',
155 silly addNameRange     '0.6.8',
155 silly addNameRange     '0.6.9',
155 silly addNameRange     '0.6.10',
155 silly addNameRange     '0.6.11',
155 silly addNameRange     '0.6.12',
155 silly addNameRange     '0.6.14',
155 silly addNameRange     '0.6.15',
155 silly addNameRange     '0.6.16',
155 silly addNameRange     '0.6.17',
155 silly addNameRange     '0.6.18',
155 silly addNameRange     '0.7.0',
155 silly addNameRange     '0.7.1',
155 silly addNameRange     '0.7.2',
155 silly addNameRange     '0.7.3',
155 silly addNameRange     '0.7.4',
155 silly addNameRange     '0.7.5',
155 silly addNameRange     '0.7.6',
155 silly addNameRange     '0.7.7',
155 silly addNameRange     '0.7.8',
155 silly addNameRange     '0.7.9',
155 silly addNameRange     '0.7.10',
155 silly addNameRange     '0.7.11',
155 silly addNameRange     '0.8.0',
155 silly addNameRange     '0.8.1',
155 silly addNameRange     '0.8.2',
155 silly addNameRange     '0.8.3',
155 silly addNameRange     '0.8.4',
155 silly addNameRange     '0.8.5',
155 silly addNameRange     '0.8.6',
155 silly addNameRange     '0.8.7',
155 silly addNameRange     '0.9.0',
155 silly addNameRange     '0.9.1',
155 silly addNameRange     '0.9.1-1',
155 silly addNameRange     '0.9.2',
155 silly addNameRange     '0.9.3',
155 silly addNameRange     '0.9.4',
155 silly addNameRange     '0.9.5',
155 silly addNameRange     '0.9.6',
155 silly addNameRange     '0.9.7',
155 silly addNameRange     '0.9.8',
155 silly addNameRange     '0.9.9',
155 silly addNameRange     '0.9.10',
155 silly addNameRange     '0.9.11',
155 silly addNameRange     '0.9.12',
155 silly addNameRange     '0.9.13',
155 silly addNameRange     '0.9.14',
155 silly addNameRange     '0.9.15',
155 silly addNameRange     '0.9.16',
155 silly addNameRange     '1.0.0-pre',
155 silly addNameRange     '1.0.0-pre2',
155 silly addNameRange     '1.0.0-pre3',
155 silly addNameRange     '1.0.0-pre4',
155 silly addNameRange     '1.0.0-pre5',
155 silly addNameRange     '0.9.17',
155 silly addNameRange     '1.0.0',
155 silly addNameRange     '1.0.1',
155 silly addNameRange     '1.0.2',
155 silly addNameRange     '1.0.3',
155 silly addNameRange     '1.0.4',
155 silly addNameRange     '1.0.5',
155 silly addNameRange     '1.0.6',
155 silly addNameRange     '1.1.0',
155 silly addNameRange     '1.2.0',
155 silly addNameRange     '1.2.1' ] ]
156 verbose addNamed [ 'socket.io', '1.2.1' ]
157 verbose addNamed [ '1.2.1', '1.2.1' ]
158 silly lockFile 77e414a6-socket-io-1-2-1 socket.io@1.2.1
159 verbose lock socket.io@1.2.1 /home/neoklosch/.npm/77e414a6-socket-io-1-2-1.lock
160 silly lockFile 03c4f5da-rg-socket-io-socket-io-1-2-1-tgz https://registry.npmjs.org/socket.io/-/socket.io-1.2.1.tgz
161 verbose lock https://registry.npmjs.org/socket.io/-/socket.io-1.2.1.tgz /home/neoklosch/.npm/03c4f5da-rg-socket-io-socket-io-1-2-1-tgz.lock
162 verbose addRemoteTarball [ 'https://registry.npmjs.org/socket.io/-/socket.io-1.2.1.tgz',
162 verbose addRemoteTarball   '84400af534c0d32baa9ac88937eedb5b8465ee92' ]
163 info retry fetch attempt 1 at 14:08:20
164 verbose fetch to= /tmp/npm-24741-NNMAVUKT/registry.npmjs.org/socket.io/-/socket.io-1.2.1.tgz
165 http GET https://registry.npmjs.org/socket.io/-/socket.io-1.2.1.tgz
166 http 200 https://registry.npmjs.org/body-parser
167 silly registry.get cb [ 200,
167 silly registry.get   { date: 'Sun, 23 Nov 2014 13:08:20 GMT',
167 silly registry.get     server: 'CouchDB/1.5.0 (Erlang OTP/R16B03)',
167 silly registry.get     etag: '"83T84F3TZPOPGHA8GRTZAP3U5"',
167 silly registry.get     'content-type': 'application/json',
167 silly registry.get     'cache-control': 'max-age=60',
167 silly registry.get     'content-length': '73656',
167 silly registry.get     'accept-ranges': 'bytes',
167 silly registry.get     via: '1.1 varnish',
167 silly registry.get     age: '0',
167 silly registry.get     'x-served-by': 'cache-fra1234-FRA',
167 silly registry.get     'x-cache': 'HIT',
167 silly registry.get     'x-cache-hits': '1',
167 silly registry.get     'x-timer': 'S1416748100.256706,VS0,VE88',
167 silly registry.get     vary: 'Accept',
167 silly registry.get     'keep-alive': 'timeout=10, max=50',
167 silly registry.get     connection: 'Keep-Alive' } ]
168 http 304 https://registry.npmjs.org/ejs
169 silly registry.get cb [ 304,
169 silly registry.get   { date: 'Sun, 23 Nov 2014 13:08:20 GMT',
169 silly registry.get     server: 'Apache',
169 silly registry.get     via: '1.1 varnish',
169 silly registry.get     'last-modified': 'Sun, 23 Nov 2014 13:08:20 GMT',
169 silly registry.get     'cache-control': 'max-age=60',
169 silly registry.get     etag: '"15TJWYSPTT04PG8RFMKMQ8233"',
169 silly registry.get     age: '0',
169 silly registry.get     'x-served-by': 'cache-fra1225-FRA',
169 silly registry.get     'x-cache': 'HIT',
169 silly registry.get     'x-cache-hits': '1',
169 silly registry.get     'x-timer': 'S1416748100.407031,VS0,VE233',
169 silly registry.get     vary: 'Accept',
169 silly registry.get     'content-length': '0',
169 silly registry.get     'keep-alive': 'timeout=10, max=49',
169 silly registry.get     connection: 'Keep-Alive' } ]
170 verbose etag https://registry.npmjs.org/ejs from cache
171 silly addNameRange number 2 { name: 'ejs', range: '>=1.0.0-0 <2.0.0-0', hasData: true }
172 silly addNameRange versions [ 'ejs',
172 silly addNameRange   [ '0.0.1',
172 silly addNameRange     '0.0.2',
172 silly addNameRange     '0.0.3',
172 silly addNameRange     '0.0.4',
172 silly addNameRange     '0.1.0',
172 silly addNameRange     '0.2.0',
172 silly addNameRange     '0.2.1',
172 silly addNameRange     '0.3.0',
172 silly addNameRange     '0.3.1',
172 silly addNameRange     '0.4.0',
172 silly addNameRange     '0.4.1',
172 silly addNameRange     '0.4.2',
172 silly addNameRange     '0.4.3',
172 silly addNameRange     '0.5.0',
172 silly addNameRange     '0.6.0',
172 silly addNameRange     '0.6.1',
172 silly addNameRange     '0.7.0',
172 silly addNameRange     '0.7.1',
172 silly addNameRange     '0.7.2',
172 silly addNameRange     '0.8.0',
172 silly addNameRange     '0.8.1',
172 silly addNameRange     '0.8.2',
172 silly addNameRange     '0.8.3',
172 silly addNameRange     '0.8.4',
172 silly addNameRange     '0.8.5',
172 silly addNameRange     '0.8.6',
172 silly addNameRange     '0.8.8',
172 silly addNameRange     '1.0.0' ] ]
173 verbose addNamed [ 'ejs', '1.0.0' ]
174 verbose addNamed [ '1.0.0', '1.0.0' ]
175 silly lockFile 3b9d58f7-ejs-1-0-0 ejs@1.0.0
176 verbose lock ejs@1.0.0 /home/neoklosch/.npm/3b9d58f7-ejs-1-0-0.lock
177 silly addNameRange number 2 { name: 'body-parser', range: '*', hasData: true }
178 silly addNameRange versions [ 'body-parser',
178 silly addNameRange   [ '1.0.0',
178 silly addNameRange     '1.0.1',
178 silly addNameRange     '1.0.2',
178 silly addNameRange     '1.1.0',
178 silly addNameRange     '1.1.1',
178 silly addNameRange     '1.1.2',
178 silly addNameRange     '1.2.0',
178 silly addNameRange     '1.2.1',
178 silly addNameRange     '1.2.2',
178 silly addNameRange     '1.3.0',
178 silly addNameRange     '1.3.1',
178 silly addNameRange     '1.4.0',
178 silly addNameRange     '1.4.1',
178 silly addNameRange     '1.4.2',
178 silly addNameRange     '1.4.3',
178 silly addNameRange     '1.5.0',
178 silly addNameRange     '1.5.1',
178 silly addNameRange     '1.5.2',
178 silly addNameRange     '1.6.0',
178 silly addNameRange     '1.6.1',
178 silly addNameRange     '1.6.2',
178 silly addNameRange     '1.6.3',
178 silly addNameRange     '1.6.4',
178 silly addNameRange     '1.6.5',
178 silly addNameRange     '1.6.6',
178 silly addNameRange     '1.6.7',
178 silly addNameRange     '1.7.0',
178 silly addNameRange     '1.8.0',
178 silly addNameRange     '1.8.1',
178 silly addNameRange     '1.8.2',
178 silly addNameRange     '1.8.3',
178 silly addNameRange     '1.8.4',
178 silly addNameRange     '1.9.0',
178 silly addNameRange     '1.9.1',
178 silly addNameRange     '1.9.2',
178 silly addNameRange     '1.9.3' ] ]
179 verbose addNamed [ 'body-parser', '1.9.3' ]
180 verbose addNamed [ '1.9.3', '1.9.3' ]
181 silly lockFile 96df7170-body-parser-1-9-3 body-parser@1.9.3
182 verbose lock body-parser@1.9.3 /home/neoklosch/.npm/96df7170-body-parser-1-9-3.lock
183 silly lockFile c226cff2-ody-parser-body-parser-1-9-3-tgz https://registry.npmjs.org/body-parser/-/body-parser-1.9.3.tgz
184 verbose lock https://registry.npmjs.org/body-parser/-/body-parser-1.9.3.tgz /home/neoklosch/.npm/c226cff2-ody-parser-body-parser-1-9-3-tgz.lock
185 verbose addRemoteTarball [ 'https://registry.npmjs.org/body-parser/-/body-parser-1.9.3.tgz',
185 verbose addRemoteTarball   'edfacd4fcfad87dfe74f861a5cc712900aef2623' ]
186 info retry fetch attempt 1 at 14:08:20
187 verbose fetch to= /tmp/npm-24741-NNMAVUKT/registry.npmjs.org/body-parser/-/body-parser-1.9.3.tgz
188 http GET https://registry.npmjs.org/body-parser/-/body-parser-1.9.3.tgz
189 silly lockFile 3b9d58f7-ejs-1-0-0 ejs@1.0.0
190 silly lockFile 3b9d58f7-ejs-1-0-0 ejs@1.0.0
191 silly lockFile b798bccb-ejs-1-0-0 ejs@^1.0.0
192 silly lockFile b798bccb-ejs-1-0-0 ejs@^1.0.0
193 http 200 https://registry.npmjs.org/express
194 silly registry.get cb [ 200,
194 silly registry.get   { date: 'Sun, 23 Nov 2014 13:08:20 GMT',
194 silly registry.get     server: 'CouchDB/1.5.0 (Erlang OTP/R16B03)',
194 silly registry.get     etag: '"D9SKEH16L3QN6ALDHGI4W87Z8"',
194 silly registry.get     'content-type': 'application/json',
194 silly registry.get     'cache-control': 'max-age=60',
194 silly registry.get     'content-length': '422024',
194 silly registry.get     'accept-ranges': 'bytes',
194 silly registry.get     via: '1.1 varnish',
194 silly registry.get     age: '8',
194 silly registry.get     'x-served-by': 'cache-fra1230-FRA',
194 silly registry.get     'x-cache': 'HIT',
194 silly registry.get     'x-cache-hits': '1',
194 silly registry.get     'x-timer': 'S1416748100.306333,VS0,VE2',
194 silly registry.get     vary: 'Accept',
194 silly registry.get     'keep-alive': 'timeout=10, max=50',
194 silly registry.get     connection: 'Keep-Alive' } ]
195 silly addNameRange number 2 { name: 'express', range: '>=4.9.8-0 <5.0.0-0', hasData: true }
196 silly addNameRange versions [ 'express',
196 silly addNameRange   [ '0.14.0',
196 silly addNameRange     '0.14.1',
196 silly addNameRange     '1.0.0',
196 silly addNameRange     '1.0.1',
196 silly addNameRange     '1.0.2',
196 silly addNameRange     '1.0.3',
196 silly addNameRange     '1.0.4',
196 silly addNameRange     '1.0.5',
196 silly addNameRange     '1.0.6',
196 silly addNameRange     '1.0.7',
196 silly addNameRange     '1.0.8',
196 silly addNameRange     '2.0.0',
196 silly addNameRange     '2.1.0',
196 silly addNameRange     '2.1.1',
196 silly addNameRange     '2.2.0',
196 silly addNameRange     '2.2.1',
196 silly addNameRange     '2.2.2',
196 silly addNameRange     '2.3.0',
196 silly addNameRange     '2.3.1',
196 silly addNameRange     '2.3.2',
196 silly addNameRange     '2.3.3',
196 silly addNameRange     '2.3.4',
196 silly addNameRange     '2.3.5',
196 silly addNameRange     '2.3.6',
196 silly addNameRange     '2.3.7',
196 silly addNameRange     '2.3.8',
196 silly addNameRange     '2.3.9',
196 silly addNameRange     '2.3.10',
196 silly addNameRange     '2.3.11',
196 silly addNameRange     '2.3.12',
196 silly addNameRange     '2.4.0',
196 silly addNameRange     '2.4.1',
196 silly addNameRange     '2.4.2',
196 silly addNameRange     '2.4.3',
196 silly addNameRange     '2.4.4',
196 silly addNameRange     '2.4.5',
196 silly addNameRange     '2.4.6',
196 silly addNameRange     '2.4.7',
196 silly addNameRange     '2.5.0',
196 silly addNameRange     '2.5.1',
196 silly addNameRange     '2.5.2',
196 silly addNameRange     '2.5.3',
196 silly addNameRange     '2.5.4',
196 silly addNameRange     '2.5.5',
196 silly addNameRange     '2.5.6',
196 silly addNameRange     '2.5.7',
196 silly addNameRange     '2.5.8',
196 silly addNameRange     '2.5.9',
196 silly addNameRange     '2.5.10',
196 silly addNameRange     '2.5.11',
196 silly addNameRange     '3.0.0',
196 silly addNameRange     '3.0.1',
196 silly addNameRange     '3.0.2',
196 silly addNameRange     '3.0.3',
196 silly addNameRange     '3.0.4',
196 silly addNameRange     '3.0.5',
196 silly addNameRange     '3.0.6',
196 silly addNameRange     '3.1.0',
196 silly addNameRange     '3.1.1',
196 silly addNameRange     '3.1.2',
196 silly addNameRange     '3.2.0',
196 silly addNameRange     '3.2.1',
196 silly addNameRange     '3.2.2',
196 silly addNameRange     '3.2.3',
196 silly addNameRange     '3.2.4',
196 silly addNameRange     '3.2.5',
196 silly addNameRange     '3.2.6',
196 silly addNameRange     '3.3.0',
196 silly addNameRange     '3.3.1',
196 silly addNameRange     '3.3.2',
196 silly addNameRange     '3.3.3',
196 silly addNameRange     '3.3.4',
196 silly addNameRange     '3.3.5',
196 silly addNameRange     '3.3.6',
196 silly addNameRange     '1.0.0-beta',
196 silly addNameRange     '1.0.0-beta2',
196 silly addNameRange     '1.0.0-rc',
196 silly addNameRange     '1.0.0-rc2',
196 silly addNameRange     '1.0.0-rc3',
196 silly addNameRange     '1.0.0-rc4',
196 silly addNameRange     '2.0.0-beta',
196 silly addNameRange     '2.0.0-beta2',
196 silly addNameRange     '2.0.0-beta3',
196 silly addNameRange     '2.0.0-rc',
196 silly addNameRange     '2.0.0-rc2',
196 silly addNameRange     '2.0.0-rc3',
196 silly addNameRange     '3.0.0-alpha1',
196 silly addNameRange     '3.0.0-alpha2',
196 silly addNameRange     '3.0.0-alpha3',
196 silly addNameRange     '3.0.0-alpha4',
196 silly addNameRange     '3.0.0-alpha5',
196 silly addNameRange     '3.0.0-beta1',
196 silly addNameRange     '3.0.0-beta2',
196 silly addNameRange     '3.0.0-beta3',
196 silly addNameRange     '3.0.0-beta4',
196 silly addNameRange     '3.0.0-beta6',
196 silly addNameRange     '3.0.0-beta7',
196 silly addNameRange     '3.0.0-rc1',
196 silly addNameRange     '3.0.0-rc2',
196 silly addNameRange     '3.0.0-rc3',
196 silly addNameRange     '3.0.0-rc4',
196 silly addNameRange     '3.0.0-rc5',
196 silly addNameRange     '3.3.7',
196 silly addNameRange     '3.3.8',
196 silly addNameRange     '3.4.0',
196 silly addNameRange     '3.4.1',
196 silly addNameRange     '3.4.2',
196 silly addNameRange     '3.4.3',
196 silly addNameRange     '3.4.4',
196 silly addNameRange     '3.4.5',
196 silly addNameRange     '3.4.6',
196 silly addNameRange     '3.4.7',
196 silly addNameRange     '3.4.8',
196 silly addNameRange     '4.0.0-rc1',
196 silly addNameRange     '4.0.0-rc2',
196 silly addNameRange     '3.5.0',
196 silly addNameRange     '4.0.0-rc3',
196 silly addNameRange     '4.0.0-rc4',
196 silly addNameRange     '3.5.1',
196 silly addNameRange     '4.0.0',
196 silly addNameRange     '3.5.2',
196 silly addNameRange     '4.1.0',
196 silly addNameRange     '4.1.1',
196 silly addNameRange     '3.5.3',
196 silly addNameRange     '4.1.2',
196 silly addNameRange     '3.6.0',
196 silly addNameRange     '4.2.0',
196 silly addNameRange     '3.7.0',
196 silly addNameRange     '3.8.0',
196 silly addNameRange     '4.3.0',
196 silly addNameRange     '4.3.1',
196 silly addNameRange     '3.8.1',
196 silly addNameRange     '4.3.2',
196 silly addNameRange     '3.9.0',
196 silly addNameRange     '4.4.0',
196 silly addNameRange     '4.4.1',
196 silly addNameRange     '3.10.0',
196 silly addNameRange     '3.10.1',
196 silly addNameRange     '3.10.2',
196 silly addNameRange     '3.10.3',
196 silly addNameRange     '3.10.4',
196 silly addNameRange     '4.4.2',
196 silly addNameRange     '3.10.5',
196 silly addNameRange     '4.4.3',
196 silly addNameRange     '3.11.0',
196 silly addNameRange     '4.4.4',
196 silly addNameRange     '3.12.0',
196 silly addNameRange     '3.12.1',
196 silly addNameRange     '4.4.5',
196 silly addNameRange     '3.13.0',
196 silly addNameRange     '4.5.0',
196 silly addNameRange     '4.5.1',
196 silly addNameRange     '3.14.0',
196 silly addNameRange     '4.6.0',
196 silly addNameRange     '4.6.1',
196 silly addNameRange     '3.15.0',
196 silly addNameRange     '4.7.0',
196 silly addNameRange     '3.15.1',
196 silly addNameRange     '4.7.1',
196 silly addNameRange     '3.15.2',
196 silly addNameRange     '4.7.2',
196 silly addNameRange     '4.7.3',
196 silly addNameRange     '3.15.3',
196 silly addNameRange     '4.7.4',
196 silly addNameRange     '3.16.0',
196 silly addNameRange     '4.8.0',
196 silly addNameRange     '3.16.1',
196 silly addNameRange     '4.8.1',
196 silly addNameRange     '3.16.2',
196 silly addNameRange     '4.8.2',
196 silly addNameRange     '3.16.3',
196 silly addNameRange     '3.16.4',
196 silly addNameRange     '4.8.3',
196 silly addNameRange     '3.16.5',
196 silly addNameRange     '3.16.6',
196 silly addNameRange     '4.8.4',
196 silly addNameRange     '3.16.7',
196 silly addNameRange     '4.8.5',
196 silly addNameRange     '3.16.8',
196 silly addNameRange     '4.8.6',
196 silly addNameRange     '3.16.9',
196 silly addNameRange     '4.8.7',
196 silly addNameRange     '3.16.10',
196 silly addNameRange     '4.8.8',
196 silly addNameRange     '3.17.0',
196 silly addNameRange     '3.17.1',
196 silly addNameRange     '4.9.0',
196 silly addNameRange     '3.17.2',
196 silly addNameRange     '4.9.1',
196 silly addNameRange     '4.9.2',
196 silly addNameRange     '3.17.3',
196 silly addNameRange     '4.9.3',
196 silly addNameRange     '3.17.4',
196 silly addNameRange     '4.9.4',
196 silly addNameRange     '3.17.5',
196 silly addNameRange     '4.9.5',
196 silly addNameRange     '3.17.6',
196 silly addNameRange     '3.17.7',
196 silly addNameRange     '4.9.6',
196 silly addNameRange     '4.9.7',
196 silly addNameRange     '3.17.8',
196 silly addNameRange     '4.9.8',
196 silly addNameRange     '3.18.0',
196 silly addNameRange     '3.18.1',
196 silly addNameRange     '4.10.0',
196 silly addNameRange     '3.18.2',
196 silly addNameRange     '4.10.1',
196 silly addNameRange     '5.0.0-alpha.1',
196 silly addNameRange     '3.18.3',
196 silly addNameRange     '4.10.2' ] ]
197 verbose addNamed [ 'express', '4.10.2' ]
198 verbose addNamed [ '4.10.2', '4.10.2' ]
199 silly lockFile 787e98b4-express-4-10-2 express@4.10.2
200 verbose lock express@4.10.2 /home/neoklosch/.npm/787e98b4-express-4-10-2.lock
201 http 200 https://registry.npmjs.org/socket.io/-/socket.io-1.2.1.tgz
202 http 200 https://registry.npmjs.org/body-parser/-/body-parser-1.9.3.tgz
203 silly lockFile c226cff2-ody-parser-body-parser-1-9-3-tgz https://registry.npmjs.org/body-parser/-/body-parser-1.9.3.tgz
204 silly lockFile c226cff2-ody-parser-body-parser-1-9-3-tgz https://registry.npmjs.org/body-parser/-/body-parser-1.9.3.tgz
205 silly lockFile 96df7170-body-parser-1-9-3 body-parser@1.9.3
206 silly lockFile 96df7170-body-parser-1-9-3 body-parser@1.9.3
207 silly lockFile 12b67fc9-body-parser body-parser@*
208 silly lockFile 12b67fc9-body-parser body-parser@*
209 silly lockFile d0bb09e8-s-org-express-express-4-10-2-tgz https://registry.npmjs.org/express/-/express-4.10.2.tgz
210 verbose lock https://registry.npmjs.org/express/-/express-4.10.2.tgz /home/neoklosch/.npm/d0bb09e8-s-org-express-express-4-10-2-tgz.lock
211 verbose addRemoteTarball [ 'https://registry.npmjs.org/express/-/express-4.10.2.tgz',
211 verbose addRemoteTarball   'df06dde94d968932829d440a2004c5efe64495b0' ]
212 info retry fetch attempt 1 at 14:08:21
213 verbose fetch to= /tmp/npm-24741-NNMAVUKT/registry.npmjs.org/express/-/express-4.10.2.tgz
214 http GET https://registry.npmjs.org/express/-/express-4.10.2.tgz
215 silly lockFile 03c4f5da-rg-socket-io-socket-io-1-2-1-tgz https://registry.npmjs.org/socket.io/-/socket.io-1.2.1.tgz
216 silly lockFile 03c4f5da-rg-socket-io-socket-io-1-2-1-tgz https://registry.npmjs.org/socket.io/-/socket.io-1.2.1.tgz
217 silly lockFile 77e414a6-socket-io-1-2-1 socket.io@1.2.1
218 silly lockFile 77e414a6-socket-io-1-2-1 socket.io@1.2.1
219 silly lockFile 3f384752-socket-io-1-1-0 socket.io@^1.1.0
220 silly lockFile 3f384752-socket-io-1-1-0 socket.io@^1.1.0
221 http 200 https://registry.npmjs.org/express/-/express-4.10.2.tgz
222 silly lockFile d0bb09e8-s-org-express-express-4-10-2-tgz https://registry.npmjs.org/express/-/express-4.10.2.tgz
223 silly lockFile d0bb09e8-s-org-express-express-4-10-2-tgz https://registry.npmjs.org/express/-/express-4.10.2.tgz
224 silly lockFile 787e98b4-express-4-10-2 express@4.10.2
225 silly lockFile 787e98b4-express-4-10-2 express@4.10.2
226 silly lockFile 3a17db05-express-4-9-8 express@^4.9.8
227 silly lockFile 3a17db05-express-4-9-8 express@^4.9.8
228 error Error: EACCES, mkdir '/home/neoklosch/.npm/body-parser/1.9.3'
228 error  { [Error: EACCES, mkdir '/home/neoklosch/.npm/body-parser/1.9.3']
228 error   errno: 3,
228 error   code: 'EACCES',
228 error   path: '/home/neoklosch/.npm/body-parser/1.9.3',
228 error   parent: 'BeatingBlocks' }
229 error Please try running this command again as root/Administrator.
230 error System Linux 3.13.0-24-generic
231 error command "/usr/local/bin/node" "/usr/local/bin/npm" "install"
232 error cwd /home/neoklosch/android-studio-projects/BeatingBlocks/server
233 error node -v v0.10.32
234 error npm -v 1.4.28
235 error path /home/neoklosch/.npm/body-parser/1.9.3
236 error code EACCES
237 error errno 3
238 error stack Error: EACCES, mkdir '/home/neoklosch/.npm/body-parser/1.9.3'
239 verbose exit [ 3, true ]
